{"total": {"lines":{"total":1236,"covered":197,"skipped":0,"pct":15.93},"statements":{"total":1236,"covered":197,"skipped":0,"pct":15.93},"functions":{"total":24,"covered":6,"skipped":0,"pct":25},"branches":{"total":49,"covered":37,"skipped":0,"pct":75.51},"branchesTrue":{"total":0,"covered":0,"skipped":0,"pct":"Unknown"}}
,"C:\\Projects\\Summons-for-PF1e\\scripts\\config.js": {"lines":{"total":18,"covered":0,"skipped":0,"pct":0},"functions":{"total":1,"covered":0,"skipped":0,"pct":0},"statements":{"total":18,"covered":0,"skipped":0,"pct":0},"branches":{"total":1,"covered":0,"skipped":0,"pct":0}}
,"C:\\Projects\\Summons-for-PF1e\\scripts\\expiration-tracker.js": {"lines":{"total":235,"covered":0,"skipped":0,"pct":0},"functions":{"total":1,"covered":0,"skipped":0,"pct":0},"statements":{"total":235,"covered":0,"skipped":0,"pct":0},"branches":{"total":1,"covered":0,"skipped":0,"pct":0}}
,"C:\\Projects\\Summons-for-PF1e\\scripts\\main.js": {"lines":{"total":105,"covered":0,"skipped":0,"pct":0},"functions":{"total":1,"covered":0,"skipped":0,"pct":0},"statements":{"total":105,"covered":0,"skipped":0,"pct":0},"branches":{"total":1,"covered":0,"skipped":0,"pct":0}}
,"C:\\Projects\\Summons-for-PF1e\\scripts\\settings.js": {"lines":{"total":98,"covered":0,"skipped":0,"pct":0},"functions":{"total":1,"covered":0,"skipped":0,"pct":0},"statements":{"total":98,"covered":0,"skipped":0,"pct":0},"branches":{"total":1,"covered":0,"skipped":0,"pct":0}}
,"C:\\Projects\\Summons-for-PF1e\\scripts\\summon-dialog.js": {"lines":{"total":200,"covered":0,"skipped":0,"pct":0},"functions":{"total":1,"covered":0,"skipped":0,"pct":0},"statements":{"total":200,"covered":0,"skipped":0,"pct":0},"branches":{"total":1,"covered":0,"skipped":0,"pct":0}}
,"C:\\Projects\\Summons-for-PF1e\\scripts\\summon-manager.js": {"lines":{"total":580,"covered":197,"skipped":0,"pct":33.96},"functions":{"total":19,"covered":6,"skipped":0,"pct":31.57},"statements":{"total":580,"covered":197,"skipped":0,"pct":33.96},"branches":{"total":44,"covered":37,"skipped":0,"pct":84.09}}
}
